// 重构日志: a04ac318
// 重构日志: d92bda5c
// 重构日志: ba7fe2b8
// 重构日志: bac5efce
// 重构日志: 43c843cd
// 重构日志: 7ab7610a
// 同步 ID: e0812062 @ Sat Jun 20 10:38:58 UTC 2026
// 同步 ID: 244b8c1c @ Sat Jun 20 16:07:02 UTC 2026
// 同步 ID: ac43ff02 @ Sat Jun 20 21:41:30 UTC 2026
// 重构日志: 4d34293d
// 重构日志: aaf310a6
// 重构日志: 9ab5f22a
// 重构日志: 270de644
// 重构日志: dbfefd3d
// 同步 ID: d2cf871d @ Sat Jun 27 16:42:59 UTC 2026
// 重构日志: 0207a440
// 同步 ID: 2273fb68 @ Sun Jun 28 02:15:46 UTC 2026
// 重构日志: 7cd229d5
// 重构日志: a9a4c455
// 重构日志: 72f9d7ef
// 重构日志: ddb872da
// 重构日志: ae49542d
// 重构日志: 9e46f66e
// 重构日志: adb60b72
// 同步 ID: 53986348 @ Wed Jul  1 17:33:49 UTC 2026
// 同步 ID: 6b511dec @ Wed Jul  1 21:28:31 UTC 2026
// 同步 ID: 05cc6be2 @ Thu Jul  2 05:32:16 UTC 2026
// 重构日志: 2d63e88d
// 重构日志: ca8ef2f0
// 同步 ID: 95bd883b @ Fri Jul  3 14:36:49 UTC 2026
